{"name": "test_name[kevinse]", "status": "failed", "statusDetails": {"message": "AssertionError: assert 'sunny' in 'kevinse'", "trace": "name = 'kevinse'\n\n    @pytest.mark.parametrize('name', ['sunny', 'kevinse', 'jacky'])\n    def test_name(name):\n        print('---',name)\n>       assert 'sunny' in name\nE       AssertionError: assert 'sunny' in 'kevinse'\n\nparametrize.py:18: AssertionError"}, "parameters": [{"name": "name", "value": "'kevinse'"}], "start": 1586698701249, "stop": 1586698701250, "uuid": "f2e0bf64-f696-4527-93f0-63e566affec7", "historyId": "01db0bfc3b45ecb4e6aa89254481d1bf", "testCaseId": "d73b79c0b6295503de7e1273261ae0eb", "fullName": "allure.parametrize#test_name", "labels": [{"name": "parentSuite", "value": "allure"}, {"name": "suite", "value": "parametrize"}, {"name": "host", "value": "localhost"}, {"name": "thread", "value": "48079-MainThread"}, {"name": "framework", "value": "pytest"}, {"name": "language", "value": "cpython3"}, {"name": "package", "value": "allure.parametrize"}]}