{"name": "test_excel[ext/css\";\n        _chrome_37_fix.setAttribute(\"data-for\",\"result\");\n        _chrome_37_fix.innerHTML = \".t,.f16,#kw,.s_ipt,.c-ti]", "status": "failed", "statusDetails": {"message": "AssertionError: assert b'ext/css\";\\n...,.s_ipt,.c-ti' == '<Response [200]>'\n  +b'ext/css\";\\n        _chrome_37_fix.setAttribute(\"data-for\",\"result\");\\n        _chrome_37_fix.innerHTML = \".t,.f16,#kw,.s_ipt,.c-ti'\n  -'<Response [200]>'", "trace": "data = b'ext/css\";\\n        _chrome_37_fix.setAttribute(\"data-for\",\"result\");\\n        _chrome_37_fix.innerHTML = \".t,.f16,#kw,.s_ipt,.c-ti'\n\n    @pytest.mark.parametrize('data', ExcelHandler.get_excel_data(1))\n    def test_excel(data):\n>       assert data == '<Response [200]>'\nE       assert b'ext/css\";\\n...,.s_ipt,.c-ti' == '<Response [200]>'\nE         +b'ext/css\";\\n        _chrome_37_fix.setAttribute(\"data-for\",\"result\");\\n        _chrome_37_fix.innerHTML = \".t,.f16,#kw,.s_ipt,.c-ti'\nE         -'<Response [200]>'\n\ntest.py:16: AssertionError"}, "parameters": [{"name": "data", "value": "<class 'bytes'>"}], "start": 1586663321099, "stop": 1586663321099, "uuid": "fe7b7653-e562-4da0-a204-8640c3a9f1d1", "historyId": "5e0364ac04c22d0c42d23d8a901c58a1", "testCaseId": "1a84b5fa1cd8fc91bc1e7f314e541701", "fullName": "allure.test#test_excel", "labels": [{"name": "parentSuite", "value": "allure"}, {"name": "suite", "value": "test"}, {"name": "host", "value": "localhost"}, {"name": "thread", "value": "42329-MainThread"}, {"name": "framework", "value": "pytest"}, {"name": "language", "value": "cpython3"}, {"name": "package", "value": "allure.test"}]}