{"name": "test_name3[jacky]", "status": "failed", "statusDetails": {"message": "AssertionError: assert 'jacky' == 'sunny'\n  - sunny\n  + jacky", "trace": "name = 'jacky'\n\n    @pytest.mark.parametrize('name', ['sunny', 'kevinse', 'jacky'])\n    def test_name3(name):\n        print('@@@',name)\n>       assert name == 'sunny'\nE       AssertionError: assert 'jacky' == 'sunny'\nE         - sunny\nE         + jacky\n\nparametrize.py:27: AssertionError"}, "parameters": [{"name": "name", "value": "'jacky'"}], "start": 1586699680852, "stop": 1586699680853, "uuid": "06999948-97f6-4a75-a2ce-18ddb10c5de0", "historyId": "171030539f6621576f8e502f5dfac425", "testCaseId": "917948b5908a07d313737150d7cdce27", "fullName": "allure.parametrize#test_name3", "labels": [{"name": "parentSuite", "value": "allure"}, {"name": "suite", "value": "parametrize"}, {"name": "host", "value": "localhost"}, {"name": "thread", "value": "48373-MainThread"}, {"name": "framework", "value": "pytest"}, {"name": "language", "value": "cpython3"}, {"name": "package", "value": "allure.parametrize"}]}