{"name": "test_name3[kevinse]", "status": "failed", "statusDetails": {"message": "AssertionError: assert 'kevinse' == 'sunny'\n  - sunny\n  + kevinse", "trace": "name = 'kevinse'\n\n    @pytest.mark.parametrize('name', ['sunny', 'kevinse', 'jacky'])\n    def test_name3(name):\n        print('@@@',name)\n>       assert name == 'sunny'\nE       AssertionError: assert 'kevinse' == 'sunny'\nE         - sunny\nE         + kevinse\n\nparametrize.py:27: AssertionError"}, "parameters": [{"name": "name", "value": "'kevinse'"}], "start": 1586699680842, "stop": 1586699680845, "uuid": "8e7b0461-601b-46e5-a98a-21c306386461", "historyId": "7b9faf7ef58aed4d823701565c513995", "testCaseId": "917948b5908a07d313737150d7cdce27", "fullName": "allure.parametrize#test_name3", "labels": [{"name": "parentSuite", "value": "allure"}, {"name": "suite", "value": "parametrize"}, {"name": "host", "value": "localhost"}, {"name": "thread", "value": "48373-MainThread"}, {"name": "framework", "value": "pytest"}, {"name": "language", "value": "cpython3"}, {"name": "package", "value": "allure.parametrize"}]}