{"name": "test_excel[.1)/i.test(navigator.userAgent))) {\n        var _chrome_37_fix = document.createElement(\"style\");\n        _chrome_37_fix.type=\"t]", "status": "failed", "statusDetails": {"message": "AssertionError: assert b'.1)/i.test(...7_fix.type=\"t' == '<Response [200]>'\n  +b'.1)/i.test(navigator.userAgent))) {\\n        var _chrome_37_fix = document.createElement(\"style\");\\n        _chrome_37_fix.type=\"t'\n  -'<Response [200]>'", "trace": "data = b'.1)/i.test(navigator.userAgent))) {\\n        var _chrome_37_fix = document.createElement(\"style\");\\n        _chrome_37_fix.type=\"t'\n\n    @pytest.mark.parametrize('data', ExcelHandler.get_excel_data(1))\n    def test_excel(data):\n>       assert data == '<Response [200]>'\nE       assert b'.1)/i.test(...7_fix.type=\"t' == '<Response [200]>'\nE         +b'.1)/i.test(navigator.userAgent))) {\\n        var _chrome_37_fix = document.createElement(\"style\");\\n        _chrome_37_fix.type=\"t'\nE         -'<Response [200]>'\n\ntest.py:16: AssertionError"}, "parameters": [{"name": "data", "value": "<class 'bytes'>"}], "start": 1586663321090, "stop": 1586663321090, "uuid": "6685e838-86ac-4c07-85e2-41d815b0bfa1", "historyId": "421af4d51fd05f0178617b2232c45c60", "testCaseId": "1a84b5fa1cd8fc91bc1e7f314e541701", "fullName": "allure.test#test_excel", "labels": [{"name": "parentSuite", "value": "allure"}, {"name": "suite", "value": "test"}, {"name": "host", "value": "localhost"}, {"name": "thread", "value": "42329-MainThread"}, {"name": "framework", "value": "pytest"}, {"name": "language", "value": "cpython3"}, {"name": "package", "value": "allure.test"}]}