{"name": "test_name3[jacky]", "status": "failed", "statusDetails": {"message": "AssertionError: assert 'sunny' in 'jacky'", "trace": "name = 'jacky'\n\n    @pytest.mark.parametrize('name', ['sunny', 'kevinse', 'jacky'])\n    def test_name3(name):\n        print('---',name)\n>       assert 'sunny' in name\nE       AssertionError: assert 'sunny' in 'jacky'\n\nparametrize.py:27: AssertionError"}, "parameters": [{"name": "name", "value": "'jacky'"}], "start": 1586699622177, "stop": 1586699622177, "uuid": "5a462f8a-1a21-4ab0-a47a-359c559b85ce", "historyId": "171030539f6621576f8e502f5dfac425", "testCaseId": "917948b5908a07d313737150d7cdce27", "fullName": "allure.parametrize#test_name3", "labels": [{"name": "parentSuite", "value": "allure"}, {"name": "suite", "value": "parametrize"}, {"name": "host", "value": "localhost"}, {"name": "thread", "value": "48304-MainThread"}, {"name": "framework", "value": "pytest"}, {"name": "language", "value": "cpython3"}, {"name": "package", "value": "allure.parametrize"}]}