{"name": "test_name3[kevinse]", "status": "failed", "statusDetails": {"message": "AssertionError: assert 'sunny' in 'kevinse'", "trace": "name = 'kevinse'\n\n    @pytest.mark.parametrize('name', ['sunny', 'kevinse', 'jacky'])\n    def test_name3(name):\n        print('@@@',name)\n>       assert 'sunny' in name\nE       AssertionError: assert 'sunny' in 'kevinse'\n\nparametrize.py:27: AssertionError"}, "parameters": [{"name": "name", "value": "'kevinse'"}], "start": 1586699648558, "stop": 1586699648559, "uuid": "056cfd51-8fcd-4a47-ba56-dae5d2bf7774", "historyId": "7b9faf7ef58aed4d823701565c513995", "testCaseId": "917948b5908a07d313737150d7cdce27", "fullName": "allure.parametrize#test_name3", "labels": [{"name": "parentSuite", "value": "allure"}, {"name": "suite", "value": "parametrize"}, {"name": "host", "value": "localhost"}, {"name": "thread", "value": "48337-MainThread"}, {"name": "framework", "value": "pytest"}, {"name": "language", "value": "cpython3"}, {"name": "package", "value": "allure.parametrize"}]}