{"name": "test_excel[down-list.c-select-scroll::-webkit-scrollbar{width:2px}.s-isindex-wrap .c-select-dropdown-list.c-select-scroll::-webkit-scrollba]", "status": "failed", "statusDetails": {"message": "AssertionError: assert b'down-list.c...bkit-scrollba' == '<Response [200]>'\n  +b'down-list.c-select-scroll::-webkit-scrollbar{width:2px}.s-isindex-wrap .c-select-dropdown-list.c-select-scroll::-webkit-scrollba'\n  -'<Response [200]>'", "trace": "data = b'down-list.c-select-scroll::-webkit-scrollbar{width:2px}.s-isindex-wrap .c-select-dropdown-list.c-select-scroll::-webkit-scrollba'\n\n    @pytest.mark.parametrize('data', ExcelHandler.get_excel_data(1))\n    def test_excel(data):\n>       assert data == '<Response [200]>'\nE       AssertionError: assert b'down-list.c...bkit-scrollba' == '<Response [200]>'\nE         +b'down-list.c-select-scroll::-webkit-scrollbar{width:2px}.s-isindex-wrap .c-select-dropdown-list.c-select-scroll::-webkit-scrollba'\nE         -'<Response [200]>'\n\ntest.py:16: AssertionError"}, "parameters": [{"name": "data", "value": "<class 'bytes'>"}], "start": 1586663319074, "stop": 1586663319074, "uuid": "292f95da-e0a5-41ba-bb30-aedd1f92b1bd", "historyId": "7cf95f3339e03aa7776bade29a290fc9", "testCaseId": "63fd19621969ed62b092f36f27dd4ffd", "fullName": "allure.test.test_excel[down-list.c-select-scroll#-webkit-scrollba]", "labels": [{"name": "parentSuite", "value": "allure"}, {"name": "suite", "value": "test"}, {"name": "subSuite", "value": "test_excel[down-list.c-select-scroll"}, {"name": "host", "value": "localhost"}, {"name": "thread", "value": "42329-MainThread"}, {"name": "framework", "value": "pytest"}, {"name": "language", "value": "cpython3"}, {"name": "package", "value": "allure.test"}]}