{"name": "test_name2[kevinse]", "status": "failed", "statusDetails": {"message": "AssertionError: assert 'sunny' in 'kevinse'", "trace": "name = 'kevinse'\n\n    @pytest.mark.parametrize('name', ['sunny', 'kevinse', 'jacky'])\n    def test_name2(name):\n        print('---',name)\n>       assert 'sunny' in name\nE       AssertionError: assert 'sunny' in 'kevinse'\n\nparametrize.py:20: AssertionError"}, "parameters": [{"name": "name", "value": "'kevinse'"}], "start": 1586699622055, "stop": 1586699622055, "uuid": "a67491eb-23a9-40c4-99fa-d2a421a356d1", "historyId": "1fa1b1d2f298f10aa181e8be3b1f5854", "testCaseId": "4f432e6603e4d75326da86061ac3be22", "fullName": "allure.parametrize#test_name2", "labels": [{"name": "parentSuite", "value": "allure"}, {"name": "suite", "value": "parametrize"}, {"name": "host", "value": "localhost"}, {"name": "thread", "value": "48304-MainThread"}, {"name": "framework", "value": "pytest"}, {"name": "language", "value": "cpython3"}, {"name": "package", "value": "allure.parametrize"}]}