{"name": "test_excel[d #bbb;background:#fff;visibility:hidden}\n.c-dropdown2 .c-dropdown2-menu-inner{overflow:hidden}\n.c-dropdown2 .c-dropdown2-opti]", "status": "failed", "statusDetails": {"message": "AssertionError: assert b'd #bbb;back...ropdown2-opti' == '<Response [200]>'\n  +b'd #bbb;background:#fff;visibility:hidden}\\\\n.c-dropdown2 .c-dropdown2-menu-inner{overflow:hidden}\\\\n.c-dropdown2 .c-dropdown2-opti'\n  -'<Response [200]>'", "trace": "data = b'd #bbb;background:#fff;visibility:hidden}\\\\n.c-dropdown2 .c-dropdown2-menu-inner{overflow:hidden}\\\\n.c-dropdown2 .c-dropdown2-opti'\n\n    @pytest.mark.parametrize('data', ExcelHandler.get_excel_data(1))\n    def test_excel(data):\n>       assert data == '<Response [200]>'\nE       AssertionError: assert b'd #bbb;back...ropdown2-opti' == '<Response [200]>'\nE         +b'd #bbb;background:#fff;visibility:hidden}\\\\n.c-dropdown2 .c-dropdown2-menu-inner{overflow:hidden}\\\\n.c-dropdown2 .c-dropdown2-opti'\nE         -'<Response [200]>'\n\ntest.py:16: AssertionError"}, "parameters": [{"name": "data", "value": "<class 'bytes'>"}], "start": 1586663328180, "stop": 1586663328180, "uuid": "8afed6ee-ad37-4d93-bb3e-54c58c3a7fb1", "historyId": "26053d0545aa08d1793fea1e3cf75d7c", "testCaseId": "1a84b5fa1cd8fc91bc1e7f314e541701", "fullName": "allure.test#test_excel", "labels": [{"name": "parentSuite", "value": "allure"}, {"name": "suite", "value": "test"}, {"name": "host", "value": "localhost"}, {"name": "thread", "value": "42329-MainThread"}, {"name": "framework", "value": "pytest"}, {"name": "language", "value": "cpython3"}, {"name": "package", "value": "allure.test"}]}