{"name": "test_name2[jacky]", "status": "failed", "statusDetails": {"message": "AssertionError: assert 'sunny' in 'jacky'", "trace": "name = 'jacky'\n\n    @pytest.mark.parametrize('name', ['sunny', 'kevinse', 'jacky'])\n    def test_name2(name):\n        print('---',name)\n>       assert 'sunny' in name\nE       AssertionError: assert 'sunny' in 'jacky'\n\nparametrize.py:20: AssertionError"}, "parameters": [{"name": "name", "value": "'jacky'"}], "start": 1586699648550, "stop": 1586699648550, "uuid": "7619102c-b16c-4e6f-9583-56e363570b03", "historyId": "d860675294a1e060a69a671cb0a8a33f", "testCaseId": "4f432e6603e4d75326da86061ac3be22", "fullName": "allure.parametrize#test_name2", "labels": [{"name": "parentSuite", "value": "allure"}, {"name": "suite", "value": "parametrize"}, {"name": "host", "value": "localhost"}, {"name": "thread", "value": "48337-MainThread"}, {"name": "framework", "value": "pytest"}, {"name": "language", "value": "cpython3"}, {"name": "package", "value": "allure.parametrize"}]}