{"name": "test_name[jacky]", "status": "failed", "statusDetails": {"message": "AssertionError: assert 'sunny' in 'jacky'", "trace": "name = 'jacky'\n\n    @pytest.mark.parametrize('name', ['sunny', 'kevinse', 'jacky'])\n    def test_name(name):\n        print('---',name)\n>       assert 'sunny' in name\nE       AssertionError: assert 'sunny' in 'jacky'\n\nparametrize.py:13: AssertionError"}, "parameters": [{"name": "name", "value": "'jacky'"}], "start": 1586698606267, "stop": 1586698606268, "uuid": "b3449012-e9ed-4d6a-bf6b-f4d5870746cd", "historyId": "d0e86018dcf5e65c828fc73a91f2218d", "testCaseId": "d73b79c0b6295503de7e1273261ae0eb", "fullName": "allure.parametrize#test_name", "labels": [{"name": "parentSuite", "value": "allure"}, {"name": "suite", "value": "parametrize"}, {"name": "host", "value": "localhost"}, {"name": "thread", "value": "47991-MainThread"}, {"name": "framework", "value": "pytest"}, {"name": "language", "value": "cpython3"}, {"name": "package", "value": "allure.parametrize"}]}