{"name": "test_excel[nk_en_summary a{font-size:1.1em;position:relative}\n.sitelink_en_summary_last{padding-right:0}\n.sitelink_en_summary .m,.sitelin]", "status": "failed", "statusDetails": {"message": "AssertionError: assert b'nk_en_summa...y .m,.sitelin' == '<Response [200]>'\n  +b'nk_en_summary a{font-size:1.1em;position:relative}\\\\n.sitelink_en_summary_last{padding-right:0}\\\\n.sitelink_en_summary .m,.sitelin'\n  -'<Response [200]>'", "trace": "data = b'nk_en_summary a{font-size:1.1em;position:relative}\\\\n.sitelink_en_summary_last{padding-right:0}\\\\n.sitelink_en_summary .m,.sitelin'\n\n    @pytest.mark.parametrize('data', ExcelHandler.get_excel_data(1))\n    def test_excel(data):\n>       assert data == '<Response [200]>'\nE       AssertionError: assert b'nk_en_summa...y .m,.sitelin' == '<Response [200]>'\nE         +b'nk_en_summary a{font-size:1.1em;position:relative}\\\\n.sitelink_en_summary_last{padding-right:0}\\\\n.sitelink_en_summary .m,.sitelin'\nE         -'<Response [200]>'\n\ntest.py:16: AssertionError"}, "parameters": [{"name": "data", "value": "<class 'bytes'>"}], "start": 1586663326188, "stop": 1586663326188, "uuid": "f0824a2f-da8b-4e17-9bd9-ba5582028fff", "historyId": "df69d078cefb1f68213f8c498af422e4", "testCaseId": "1a84b5fa1cd8fc91bc1e7f314e541701", "fullName": "allure.test#test_excel", "labels": [{"name": "parentSuite", "value": "allure"}, {"name": "suite", "value": "test"}, {"name": "host", "value": "localhost"}, {"name": "thread", "value": "42329-MainThread"}, {"name": "framework", "value": "pytest"}, {"name": "language", "value": "cpython3"}, {"name": "package", "value": "allure.test"}]}