2019-12-17 20:39:16,280 - root - INFO - you had select Chrome browser.
2019-12-17 20:39:16,280 - root - INFO - The test URL is: http://bing.com
2019-12-17 20:39:25,104 - root - INFO - Open url: http://bing.com
2019-12-17 20:39:25,125 - root - INFO - Set implicitly wait 10 seconds.
2019-12-17 20:39:35,223 - BasePage - ERROR - NoSuchElementException: Message: no such element: Unable to locate element: {"method":"id","selector":"kw"}
  (Session info: chrome=79.0.3945.79)
  (Driver info: chromedriver=2.36.540469 (1881fd7f8641508feb5166b7cae561d87723cfa8),platform=Mac OS X 10.15.1 x86_64)

2019-12-17 20:39:35,223 - BasePage - ERROR - NoSuchElementException: Message: no such element: Unable to locate element: {"method":"id","selector":"kw"}
  (Session info: chrome=79.0.3945.79)
  (Driver info: chromedriver=2.36.540469 (1881fd7f8641508feb5166b7cae561d87723cfa8),platform=Mac OS X 10.15.1 x86_64)

2019-12-17 20:39:37,569 - BasePage - INFO - Had take screenshot and save to folder : /screenshots
2019-12-17 20:39:37,569 - BasePage - INFO - Had take screenshot and save to folder : /screenshots
