{"name": "cnodejs项目", "status": "failed", "statusDetails": {"message": "AssertionError: assert {'message': '图片验证码错误'} == {'message': '...oginRequest)'}\n  Differing items:\n  {'message': '图片验证码错误'} != {'message': 'Required request body is missing: public me.rajax.janus.entity.model.CommonResult<java.lang.String> ele.rajax.janus.auth.controller.AuthController.sendMessage(ele.rajax.janus.auth.dto.LoginRequest)'}\n  Full diff:\n    {\n  +  'message': '图片验证码错误',\n  -  'message': 'Required request body is missing: public '\n  -             'me.rajax.janus.entity.model.CommonResult<java.lang.String> '...\n  \n  ...Full output truncated (3 lines hidden), use '-vv' to show", "trace": "self = <scripts.test_case.Test_case object at 0x110fa8610>\ncase = {'case_description': 'get /topic/:id 主题详情', 'case_expect': '{\\n    \"code\": 1,\\n    \"message\": \"图片验证码错误\"\\n}', 'case_met...case_params': '{\"identity\":\"E052874\",\"password\":\"123456\",\"imageCodeId\":\"3780433478137699232\",\"imageCode\":\"HSEF\"}', ...}\n\n    @pytest.mark.parametrize('case', ExcelHandler().get_excel_data)\n    def test_case(self, case):\n        \"\"\"  执行断言 \"\"\"\n        # print(case)\n        # 发请求\n        response = RequestHandler(case).get_response\n    \n        # 制作 allure 报告\n        allure.dynamic.title(case['case_project'])\n        allure.dynamic.description('<font color=\"red\">请求URL：</font>{}<br />'\n                                   '<font color=\"red\">期望值：</font>{}'.format(case['case_url'], case['case_description']))\n        allure.dynamic.feature(case['case_project'])\n        allure.dynamic.story(case['case_method'])\n>       assert response[0] == response[1]\nE       AssertionError: assert {'message': '图片验证码错误'} == {'message': '...oginRequest)'}\nE         Differing items:\nE         {'message': '图片验证码错误'} != {'message': 'Required request body is missing: public me.rajax.janus.entity.model.CommonResult<java.lang.String> ele.rajax.janus.auth.controller.AuthController.sendMessage(ele.rajax.janus.auth.dto.LoginRequest)'}\nE         Full diff:\nE           {\nE         +  'message': '图片验证码错误',\nE         -  'message': 'Required request body is missing: public '\nE         -             'me.rajax.janus.entity.model.CommonResult<java.lang.String> '...\nE         \nE         ...Full output truncated (3 lines hidden), use '-vv' to show\n\nscripts/test_case.py:34: AssertionError"}, "description": "<font color=\"red\">请求URL：</font>http://janusapi.info.eleme.test/api/v1/sms<br /><font color=\"red\">期望值：</font>get /topic/:id 主题详情", "parameters": [{"name": "case", "value": "{'case_project': 'cnodejs项目', 'case_description': 'get /topic/:id 主题详情', 'case_url': 'http://janusapi.info.eleme.test/api/v1/sms', 'case_method': 'POST', 'case_params': '{\"identity\":\"E052874\",\"password\":\"123456\",\"imageCodeId\":\"3780433478137699232\",\"imageCode\":\"HSEF\"}', 'case_expect': '{\\n    \"code\": 1,\\n    \"message\": \"图片验证码错误\"\\n}', 'other': ''}"}], "start": 1586842532555, "stop": 1586842532655, "uuid": "25a91041-baf2-4f2d-abd7-f312cbd08be6", "historyId": "2267bb04dfeab26bec94c39d05e91380", "testCaseId": "ea02412fdf50230ea9175db2c24ad2e1", "fullName": "scripts.test_case.Test_case#test_case", "labels": [{"name": "feature", "value": "cnodejs项目"}, {"name": "story", "value": "POST"}, {"name": "parentSuite", "value": "scripts"}, {"name": "suite", "value": "test_case"}, {"name": "subSuite", "value": "Test_case"}, {"name": "host", "value": "localhost"}, {"name": "thread", "value": "78741-MainThread"}, {"name": "framework", "value": "pytest"}, {"name": "language", "value": "cpython3"}, {"name": "package", "value": "scripts.test_case"}]}